<?xml version="1.0" encoding="UTF-8"?>
<testng-results ignored="0" total="1" passed="1" failed="0" skipped="0">
  <reporter-output>
  </reporter-output>
  <suite started-at="2025-02-12T16:19:51 IST" name="Default suite" finished-at="2025-02-12T16:20:32 IST" duration-ms="41114">
    <groups>
    </groups>
    <test started-at="2025-02-12T16:19:51 IST" name="Default test" finished-at="2025-02-12T16:20:32 IST" duration-ms="41114">
      <class name="MavenSelenium.Test_WindowHandle">
        <test-method signature="muiltipleWindowHandle()[pri:0, instance:MavenSelenium.Test_WindowHandle@1cf6d1be]" started-at="2025-02-12T16:19:51 IST" name="muiltipleWindowHandle" finished-at="2025-02-12T16:20:32 IST" duration-ms="40999" status="PASS">
          <reporter-output>
          </reporter-output>
        </test-method> <!-- muiltipleWindowHandle -->
      </class> <!-- MavenSelenium.Test_WindowHandle -->
    </test> <!-- Default test -->
  </suite> <!-- Default suite -->
</testng-results>
